0 info it worked if it ends with ok
1 verbose cli [ 'C:\\Program Files\\nodejs\\node.exe',
1 verbose cli   'C:\\Program Files\\nodejs\\node_modules\\npm\\bin\\npm-cli.js',
1 verbose cli   'run',
1 verbose cli   'test' ]
2 info using npm@3.10.10
3 info using node@v6.11.3
4 verbose run-script [ 'pretest', 'test', 'posttest' ]
5 info lifecycle collapsed-expand-empty-tag@0.0.1~pretest: collapsed-expand-empty-tag@0.0.1
6 silly lifecycle collapsed-expand-empty-tag@0.0.1~pretest: no script for pretest, continuing
7 info lifecycle collapsed-expand-empty-tag@0.0.1~test: collapsed-expand-empty-tag@0.0.1
8 verbose lifecycle collapsed-expand-empty-tag@0.0.1~test: unsafe-perm in lifecycle true
9 verbose lifecycle collapsed-expand-empty-tag@0.0.1~test: PATH: C:\Program Files\nodejs\node_modules\npm\bin\node-gyp-bin;c:\MyVSCodeExtensions\collapsed-expand-empty-tag\node_modules\.bin;C:\Program Files\Git\mingw64\bin;C:\Program Files\Git\usr\bin;C:\Users\User\bin;PATH=C;C:\Program Files\Git\app\User\product\11.2.0\dbhome_1\bin;C:\Program Files\Haskell\bin;C:\Program Files\Haskell Platform\8.0.1\lib\extralibs\bin;C:\Program Files\Haskell Platform\8.0.1\bin;C:\ProgramData\Oracle\Java\javapath;C:\Program Files (x86)\Lenovo\FusionEngine;C:\Program Files (x86)\NVIDIA Corporation\PhysX\Common;C:\Program Files (x86)\Intel\iCLS Client;C:\Program Files\Intel\iCLS Client;C:\WINDOWS\system32;C:\WINDOWS;C:\WINDOWS\System32\Wbem;C:\WINDOWS\System32\WindowsPowerShell\v1.0;C:\Program Files\Intel\Intel(R) Management Engine Components\DAL;C:\Program Files (x86)\Intel\Intel(R) Management Engine Components\DAL;C:\Program Files\Intel\Intel(R) Management Engine Components\IPT;C:\Program Files (x86)\Intel\Intel(R) Management Engine Components\IPT;C:\Program Files\Intel\WiFi\bin;C:\Program Files\Common Files\Intel\WirelessCommon;C:\Program Files (x86)\Lenovo\Motion Control;C:\Program Files (x86)\GtkSharp\2.12\bin;C:\Users\User\.dnx\bin;C:\Program Files\Microsoft DNX\Dnvm;C:\Program Files\Microsoft SQL Server\130\Tools\Binn;C:\Program Files (x86)\Windows Kits\8.1\Windows Performance Toolkit;C:\Program Files\doxygen\bin;C:\Program Files\Haskell Platform\8.0.1\mingw\bin;C:\Windows\Microsoft.NET\Framework\v4.0.30319;C:\Users\User\AppData\Roaming\cabal\bin;C:\Users\User\AppData\Roaming\local\bin;C:\Users\User\AppData\Local\Microsoft\WindowsApps;C:\Users\User\AppData\Roaming\npm;C:\Program Files\Docker Toolbox;C:\Nuget;C:\Program Files\Git\mingw64\bin;C:\Program Files\nodejs;PATH=C;C:\Program Files\Git\app\User\product\11.2.0\dbhome_1\bin;C:\Program Files\Haskell\bin;C:\Program Files\Haskell Platform\8.0.1\lib\extralibs\bin;C:\Program Files\Haskell Platform\8.0.1\bin;C:\ProgramData\Oracle\Java\javapath;C:\Program Files (x86)\Lenovo\FusionEngine;C:\Program Files (x86)\NVIDIA Corporation\PhysX\Common;C:\Program Files (x86)\Intel\iCLS Client;C:\Program Files\Intel\iCLS Client;C:\WINDOWS\system32;C:\WINDOWS;C:\WINDOWS\System32\Wbem;C:\WINDOWS\System32\WindowsPowerShell\v1.0;C:\Program Files\Intel\Intel(R) Management Engine Components\DAL;C:\Program Files (x86)\Intel\Intel(R) Management Engine Components\DAL;C:\Program Files\Intel\Intel(R) Management Engine Components\IPT;C:\Program Files (x86)\Intel\Intel(R) Management Engine Components\IPT;C:\Program Files\Intel\WiFi\bin;C:\Program Files\Common Files\Intel\WirelessCommon;C:\Program Files (x86)\Lenovo\Motion Control;C:\Program Files (x86)\GtkSharp\2.12\bin;C:\Users\User\.dnx\bin;C:\Program Files\Microsoft DNX\Dnvm;C:\Program Files\Microsoft SQL S;C:\Users\User\AppData\Roaming\npm
10 verbose lifecycle collapsed-expand-empty-tag@0.0.1~test: CWD: c:\MyVSCodeExtensions\collapsed-expand-empty-tag
11 silly lifecycle collapsed-expand-empty-tag@0.0.1~test: Args: [ '/d /s /c',
11 silly lifecycle   'npm run compile && node ./node_modules/vscode/bin/test' ]
12 silly lifecycle collapsed-expand-empty-tag@0.0.1~test: Returned: code: 7  signal: null
13 info lifecycle collapsed-expand-empty-tag@0.0.1~test: Failed to exec test script
14 verbose stack Error: collapsed-expand-empty-tag@0.0.1 test: `npm run compile && node ./node_modules/vscode/bin/test`
14 verbose stack Exit status 7
14 verbose stack     at EventEmitter.<anonymous> (C:\Program Files\nodejs\node_modules\npm\lib\utils\lifecycle.js:255:16)
14 verbose stack     at emitTwo (events.js:106:13)
14 verbose stack     at EventEmitter.emit (events.js:191:7)
14 verbose stack     at ChildProcess.<anonymous> (C:\Program Files\nodejs\node_modules\npm\lib\utils\spawn.js:40:14)
14 verbose stack     at emitTwo (events.js:106:13)
14 verbose stack     at ChildProcess.emit (events.js:191:7)
14 verbose stack     at maybeClose (internal/child_process.js:920:16)
14 verbose stack     at Process.ChildProcess._handle.onexit (internal/child_process.js:230:5)
15 verbose pkgid collapsed-expand-empty-tag@0.0.1
16 verbose cwd c:\MyVSCodeExtensions\collapsed-expand-empty-tag
17 error Windows_NT 10.0.15063
18 error argv "C:\\Program Files\\nodejs\\node.exe" "C:\\Program Files\\nodejs\\node_modules\\npm\\bin\\npm-cli.js" "run" "test"
19 error node v6.11.3
20 error npm  v3.10.10
21 error code ELIFECYCLE
22 error collapsed-expand-empty-tag@0.0.1 test: `npm run compile && node ./node_modules/vscode/bin/test`
22 error Exit status 7
23 error Failed at the collapsed-expand-empty-tag@0.0.1 test script 'npm run compile && node ./node_modules/vscode/bin/test'.
23 error Make sure you have the latest version of node.js and npm installed.
23 error If you do, this is most likely a problem with the collapsed-expand-empty-tag package,
23 error not with npm itself.
23 error Tell the author that this fails on your system:
23 error     npm run compile && node ./node_modules/vscode/bin/test
23 error You can get information on how to open an issue for this project with:
23 error     npm bugs collapsed-expand-empty-tag
23 error Or if that isn't available, you can get their info via:
23 error     npm owner ls collapsed-expand-empty-tag
23 error There is likely additional logging output above.
24 verbose exit [ 1, true ]
